
> web@0.1.0 build C:\Users\genta\projects\noe-shiftica.dev
> next build

Î“Ă»â–“ Next.js 16.1.6 (Turbopack)
- Environments: .env.local, .env

  Creating an optimized production build ...
Î“ÂŁĂ´ Compiled successfully in 12.1s
  Running TypeScript ...
  Collecting page data using 15 workers ...
  Generating static pages using 15 workers (0/22) ...
  Generating static pages using 15 workers (5/22) 
  Generating static pages using 15 workers (10/22) 
  Generating static pages using 15 workers (16/22) 
Î“ÂŁĂ´ Generating static pages using 15 workers (22/22) in 4.7s
  Finalizing page optimization ...

Route (app)                                                 Revalidate  Expire
Î“Ă¶Ă® Î“ĂąĂŻ /
Î“Ă¶ÂŁ Î“ĂąĂŻ /_not-found
Î“Ă¶ÂŁ Î“ĂąĂŻ /about
Î“Ă¶ÂŁ â•žĂ† /admin/[[...segments]]
Î“Ă¶ÂŁ â•žĂ† /api/[...slug]
Î“Ă¶ÂŁ â•žĂ† /api/contact
Î“Ă¶ÂŁ â•žĂ† /api/github-models
Î“Ă¶ÂŁ â•žĂ† /api/graphql
Î“Ă¶ÂŁ â•žĂ† /api/graphql-playground
Î“Ă¶ÂŁ â•žĂ† /api/revalidate
Î“Ă¶ÂŁ Î“ĂąĂŻ /blog                                                         Î“Ă«ĂŞ21w      1y
Î“Ă¶ÂŁ Î“ĂąĂ… /blog/[slug]                                                  Î“Ă«ĂŞ21w      1y
Î“Ă¶Ă© Î“Ă¶ÂŁ /blog/typeless-ai-voice-input-tool-5-reasons                  Î“Ă«ĂŞ21w      1y
Î“Ă¶Ă© Î“Ă¶ÂŁ /blog/ai-not-answer-machine-thought-sparring-partner          Î“Ă«ĂŞ21w      1y
Î“Ă¶Ă© Î“Ă¶ÂŁ /blog/the-real-reason-why-you-feel-that-ai-is-unusable        Î“Ă«ĂŞ21w      1y
Î“Ă¶Ă© Î“Ă¶Ă¶ [+6 more paths]
Î“Ă¶ÂŁ â•žĂ† /blog/[slug]/preview
Î“Ă¶ÂŁ â•žĂ† /blog/tag/[tag]
Î“Ă¶ÂŁ Î“ĂąĂŻ /contact/success
Î“Ă¶ÂŁ Î“ĂąĂŻ /privacy
Î“Ă¶Ă¶ Î“ĂąĂŻ /terms


Î“ĂąĂŻ  (Static)   prerendered as static content
Î“ĂąĂ…  (SSG)      prerendered as static HTML (uses generateStaticParams)
â•žĂ†  (Dynamic)  server-rendered on demand

